<?xml version="1.0" encoding="UTF-8"?>
<!-- Generated by org.testng.reporters.JUnitXMLReporter -->
<testsuite ignored="0" hostname="DESKTOP-2F680I6" failures="1" tests="4" name="Testcasefirefox" time="35.863" errors="0" timestamp="2022-08-24T15:10:15 IST">
  <testcase classname="dynamic.Flipkartdynamic" name="aflipkartopen" time="16.239"/>
  <testcase classname="dynamic.Flipkartdynamic" name="bopenoffers" time="6.105"/>
  <testcase classname="dynamic.Flipkartdynamic" name="cclickoffer" time="0.324"/>
  <testcase classname="dynamic.Flipkartdynamic" name="openproduct" time="0.118">
    <failure type="java.lang.IllegalMonitorStateException" message="current thread is not owner">
      <![CDATA[java.lang.IllegalMonitorStateException: current thread is not owner
at java.base/java.lang.Object.wait(Native Method)
at dynamic.Flipkartdynamic.openproduct(Flipkartdynamic.java:103)
at java.base/java.util.ArrayList.forEach(ArrayList.java:1511)
... Removed 25 stack frames]]>
    </failure>
  </testcase> <!-- openproduct -->
</testsuite> <!-- Testcasefirefox -->
