<?xml version="1.0" encoding="UTF-8"?>
<!-- Generated by org.testng.reporters.JUnitXMLReporter -->
<testsuite ignored="0" hostname="DESKTOP-2F680I6" failures="0" tests="5" name="Testcasechrome" time="22.495" errors="0" timestamp="2022-08-25T15:30:16 IST">
  <testcase classname="dynamic.Flipkartdynamic" name="aflipkartopen" time="7.06"/>
  <testcase classname="dynamic.Flipkartdynamic" name="bopenoffers" time="6.128"/>
  <testcase classname="dynamic.Flipkartdynamic" name="cclickoffer" time="0.172"/>
  <testcase classname="dynamic.Flipkartdynamic" name="openproduct" time="2.288"/>
  <testcase classname="dynamic.Flipkartdynamic" name="share" time="4.188"/>
</testsuite> <!-- Testcasechrome -->
