<?xml version="1.0" encoding="UTF-8"?>
<!-- Generated by org.testng.reporters.JUnitXMLReporter -->
<testsuite ignored="0" hostname="DESKTOP-2F680I6" failures="0" tests="4" name="Testcasechrome" time="27.33" errors="0" timestamp="2022-08-24T13:18:53 IST">
  <testcase classname="dynamic.Flipkartdynamic" name="aflipkartopen" time="11.836"/>
  <testcase classname="dynamic.Flipkartdynamic" name="bopenoffers" time="6.126"/>
  <testcase classname="dynamic.Flipkartdynamic" name="cclickoffer" time="0.202"/>
  <testcase classname="dynamic.Flipkartdynamic" name="setup" time="1.776"/>
</testsuite> <!-- Testcasechrome -->
