<?xml version="1.0" encoding="UTF-8"?>
<!-- Generated by org.testng.reporters.JUnitXMLReporter -->
<testsuite ignored="0" hostname="DESKTOP-2F680I6" failures="0" tests="4" name="Testcasefirefox" time="24.532" errors="0" timestamp="2022-08-24T16:44:48 IST">
  <testcase classname="dynamic.Flipkartdynamic" name="aflipkartopen" time="10.098"/>
  <testcase classname="dynamic.Flipkartdynamic" name="bopenoffers" time="6.106"/>
  <testcase classname="dynamic.Flipkartdynamic" name="cclickoffer" time="0.342"/>
  <testcase classname="dynamic.Flipkartdynamic" name="openproduct" time="2.154"/>
</testsuite> <!-- Testcasefirefox -->
