<?xml version="1.0" encoding="UTF-8"?>
<testng-results ignored="0" total="5" passed="5" failed="0" skipped="0">
  <reporter-output>
  </reporter-output>
  <suite started-at="2022-08-24T17:28:39 IST" name="Default suite" finished-at="2022-08-24T17:29:16 IST" duration-ms="36978">
    <groups>
    </groups>
    <test started-at="2022-08-24T17:28:39 IST" name="Default test" finished-at="2022-08-24T17:29:16 IST" duration-ms="36978">
      <class name="newpackage.Flipkart">
        <test-method is-config="true" signature="setup()[pri:0, instance:newpackage.Flipkart@6973b51b]" started-at="2022-08-24T17:28:39 IST" name="setup" finished-at="2022-08-24T17:28:41 IST" duration-ms="2083" status="PASS">
          <reporter-output>
          </reporter-output>
        </test-method> <!-- setup -->
        <test-method signature="aflipkartopen()[pri:0, instance:newpackage.Flipkart@6973b51b]" started-at="2022-08-24T17:28:41 IST" name="aflipkartopen" finished-at="2022-08-24T17:28:46 IST" duration-ms="4584" status="PASS">
          <reporter-output>
          </reporter-output>
        </test-method> <!-- aflipkartopen -->
        <test-method signature="bsearch()[pri:0, instance:newpackage.Flipkart@6973b51b]" started-at="2022-08-24T17:28:46 IST" name="bsearch" finished-at="2022-08-24T17:28:48 IST" duration-ms="2181" status="PASS">
          <reporter-output>
          </reporter-output>
        </test-method> <!-- bsearch -->
        <test-method signature="citemclick()[pri:0, instance:newpackage.Flipkart@6973b51b]" started-at="2022-08-24T17:28:48 IST" name="citemclick" finished-at="2022-08-24T17:28:59 IST" duration-ms="10373" status="PASS">
          <reporter-output>
          </reporter-output>
        </test-method> <!-- citemclick -->
        <test-method signature="dproductopen()[pri:0, instance:newpackage.Flipkart@6973b51b]" started-at="2022-08-24T17:28:59 IST" name="dproductopen" finished-at="2022-08-24T17:29:02 IST" duration-ms="3134" status="PASS">
          <reporter-output>
          </reporter-output>
        </test-method> <!-- dproductopen -->
        <test-method signature="eaddtocart()[pri:0, instance:newpackage.Flipkart@6973b51b]" started-at="2022-08-24T17:29:02 IST" name="eaddtocart" finished-at="2022-08-24T17:29:16 IST" duration-ms="14581" status="PASS">
          <reporter-output>
          </reporter-output>
        </test-method> <!-- eaddtocart -->
      </class> <!-- newpackage.Flipkart -->
    </test> <!-- Default test -->
  </suite> <!-- Default suite -->
</testng-results>
