<?xml version="1.0" encoding="UTF-8"?>
<testng-results ignored="0" total="4" passed="4" failed="0" skipped="0">
  <reporter-output>
  </reporter-output>
  <suite started-at="2022-10-10T16:25:29 IST" name="Default suite" finished-at="2022-10-10T16:26:56 IST" duration-ms="87033">
    <groups>
    </groups>
    <test started-at="2022-10-10T16:25:29 IST" name="Default test" finished-at="2022-10-10T16:26:56 IST" duration-ms="87033">
      <class name="dynamic.Flipkartdynamic">
        <test-method is-config="true" signature="setup()[pri:0, instance:dynamic.Flipkartdynamic@1da2cb77]" started-at="2022-10-10T16:25:29 IST" name="setup" finished-at="2022-10-10T16:25:51 IST" duration-ms="21593" status="PASS">
          <reporter-output>
          </reporter-output>
        </test-method> <!-- setup -->
        <test-method signature="aflipkartopen()[pri:0, instance:dynamic.Flipkartdynamic@1da2cb77]" started-at="2022-10-10T16:25:51 IST" name="aflipkartopen" finished-at="2022-10-10T16:26:44 IST" duration-ms="52995" status="PASS">
          <reporter-output>
          </reporter-output>
        </test-method> <!-- aflipkartopen -->
        <test-method signature="bopenoffers()[pri:0, instance:dynamic.Flipkartdynamic@1da2cb77]" started-at="2022-10-10T16:26:44 IST" name="bopenoffers" finished-at="2022-10-10T16:26:50 IST" duration-ms="6199" status="PASS">
          <reporter-output>
          </reporter-output>
        </test-method> <!-- bopenoffers -->
        <test-method signature="cclickoffer()[pri:0, instance:dynamic.Flipkartdynamic@1da2cb77]" started-at="2022-10-10T16:26:50 IST" name="cclickoffer" finished-at="2022-10-10T16:26:50 IST" duration-ms="112" status="PASS">
          <reporter-output>
          </reporter-output>
        </test-method> <!-- cclickoffer -->
        <test-method signature="openproduct()[pri:0, instance:dynamic.Flipkartdynamic@1da2cb77]" started-at="2022-10-10T16:26:50 IST" name="openproduct" finished-at="2022-10-10T16:26:55 IST" duration-ms="5258" status="PASS">
          <reporter-output>
          </reporter-output>
        </test-method> <!-- openproduct -->
        <test-method is-config="true" signature="terminate()[pri:0, instance:dynamic.Flipkartdynamic@1da2cb77]" started-at="2022-10-10T16:26:55 IST" name="terminate" finished-at="2022-10-10T16:26:56 IST" duration-ms="831" status="PASS">
          <reporter-output>
          </reporter-output>
        </test-method> <!-- terminate -->
      </class> <!-- dynamic.Flipkartdynamic -->
    </test> <!-- Default test -->
  </suite> <!-- Default suite -->
</testng-results>
