<?xml version="1.0" encoding="UTF-8"?>
<!-- Generated by org.testng.reporters.JUnitXMLReporter -->
<testsuite ignored="0" hostname="DESKTOP-2F680I6" failures="0" tests="4" name="Default test" time="101.914" errors="0" timestamp="2022-10-10T16:18:13 IST">
  <testcase classname="demo2.AssertAmazon" name="amazonopne" time="23.445"/>
  <testcase classname="demo2.AssertAmazon" name="search" time="11.323"/>
  <testcase classname="demo2.AssertAmazon" name="searchbutton" time="8.48"/>
  <testcase classname="demo2.AssertAmazon" name="cart" time="40.998"/>
</testsuite> <!-- Default test -->
