<?xml version="1.0" encoding="UTF-8"?>
<!-- Generated by org.testng.reporters.JUnitXMLReporter -->
<testsuite ignored="0" hostname="DESKTOP-2F680I6" failures="0" tests="4" name="Default test" time="32.18" errors="0" timestamp="2022-08-18T16:41:25 IST">
  <testcase classname="demo2.AssertAmazon" name="amazonopne" time="5.519"/>
  <testcase classname="demo2.AssertAmazon" name="search" time="8.941"/>
  <testcase classname="demo2.AssertAmazon" name="searchbutton" time="8.489"/>
  <testcase classname="demo2.AssertAmazon" name="cart" time="6.609"/>
</testsuite> <!-- Default test -->
