<?xml version="1.0" encoding="UTF-8"?>
<testng-results ignored="0" total="1" passed="1" failed="0" skipped="0">
  <reporter-output>
  </reporter-output>
  <suite started-at="2022-08-29T11:34:17 IST" name="Suite" finished-at="2022-08-29T11:34:24 IST" duration-ms="7248">
    <groups>
    </groups>
    <test started-at="2022-08-29T11:34:17 IST" name="Testchrome" finished-at="2022-08-29T11:34:24 IST" duration-ms="7248">
      <class name="firstproject.Selenium_Grid">
        <test-method signature="homePageCheck()[pri:0, instance:firstproject.Selenium_Grid@41e36e46]" started-at="2022-08-29T11:34:17 IST" name="homePageCheck" finished-at="2022-08-29T11:34:24 IST" duration-ms="7202" status="PASS">
          <reporter-output>
          </reporter-output>
        </test-method> <!-- homePageCheck -->
      </class> <!-- firstproject.Selenium_Grid -->
    </test> <!-- Testchrome -->
  </suite> <!-- Suite -->
</testng-results>
