<?xml version="1.0" encoding="UTF-8"?>
<!-- Generated by org.testng.reporters.JUnitXMLReporter -->
<testsuite ignored="0" hostname="DESKTOP-2F680I6" failures="0" tests="5" name="Default test" time="36.978" errors="0" timestamp="2022-08-24T17:29:16 IST">
  <testcase classname="newpackage.Flipkart" name="aflipkartopen" time="4.584"/>
  <testcase classname="newpackage.Flipkart" name="bsearch" time="2.181"/>
  <testcase classname="newpackage.Flipkart" name="citemclick" time="10.373"/>
  <testcase classname="newpackage.Flipkart" name="dproductopen" time="3.134"/>
  <testcase classname="newpackage.Flipkart" name="eaddtocart" time="14.581"/>
</testsuite> <!-- Default test -->
