<?xml version="1.0" encoding="UTF-8"?>
<!-- Generated by org.testng.reporters.JUnitXMLReporter -->
<testsuite ignored="0" hostname="DESKTOP-2F680I6" failures="0" tests="5" name="Default test" time="33.904" errors="0" timestamp="2022-08-23T11:06:06 IST">
  <testcase classname="newpackage.Flipkart" name="aflipkartopen" time="4.142"/>
  <testcase classname="newpackage.Flipkart" name="bsearch" time="2.155"/>
  <testcase classname="newpackage.Flipkart" name="citemclick" time="10.344"/>
  <testcase classname="newpackage.Flipkart" name="dproductopen" time="3.165"/>
  <testcase classname="newpackage.Flipkart" name="eaddtocart" time="11.595"/>
</testsuite> <!-- Default test -->
