<?xml version="1.0" encoding="UTF-8"?>
<!-- Generated by org.testng.reporters.JUnitXMLReporter -->
<testsuite ignored="0" hostname="DESKTOP-2F680I6" failures="0" tests="4" name="Default test" time="87.033" errors="0" timestamp="2022-10-10T16:26:56 IST">
  <testcase classname="dynamic.Flipkartdynamic" name="aflipkartopen" time="52.995"/>
  <testcase classname="dynamic.Flipkartdynamic" name="bopenoffers" time="6.199"/>
  <testcase classname="dynamic.Flipkartdynamic" name="cclickoffer" time="0.112"/>
  <testcase classname="dynamic.Flipkartdynamic" name="openproduct" time="5.258"/>
</testsuite> <!-- Default test -->
