<?xml version="1.0" encoding="UTF-8"?>
<testng-results ignored="0" total="1" passed="1" failed="0" skipped="0">
  <reporter-output>
  </reporter-output>
  <suite started-at="2022-08-17T16:58:20 IST" name="Default suite" finished-at="2022-08-17T16:58:32 IST" duration-ms="12606">
    <groups>
    </groups>
    <test started-at="2022-08-17T16:58:20 IST" name="Default test" finished-at="2022-08-17T16:58:32 IST" duration-ms="12606">
      <class name="demo1.AsserTest">
        <test-method is-config="true" signature="setup()[pri:0, instance:demo1.AsserTest@333291e3]" started-at="2022-08-17T16:58:20 IST" name="setup" finished-at="2022-08-17T16:58:22 IST" duration-ms="2733" status="PASS">
          <reporter-output>
          </reporter-output>
        </test-method> <!-- setup -->
        <test-method signature="verifytitle()[pri:0, instance:demo1.AsserTest@333291e3]" started-at="2022-08-17T16:58:22 IST" name="verifytitle" finished-at="2022-08-17T16:58:30 IST" duration-ms="7400" status="PASS">
          <reporter-output>
          </reporter-output>
        </test-method> <!-- verifytitle -->
        <test-method is-config="true" signature="Terminate()[pri:0, instance:demo1.AsserTest@333291e3]" started-at="2022-08-17T16:58:30 IST" name="Terminate" finished-at="2022-08-17T16:58:32 IST" duration-ms="2429" status="PASS">
          <reporter-output>
          </reporter-output>
        </test-method> <!-- Terminate -->
      </class> <!-- demo1.AsserTest -->
    </test> <!-- Default test -->
  </suite> <!-- Default suite -->
</testng-results>
