<?xml version="1.0" encoding="UTF-8"?>
<!-- Generated by org.testng.reporters.JUnitXMLReporter -->
<testsuite ignored="0" hostname="DESKTOP-2F680I6" failures="0" tests="5" name="Default test" time="26.032" errors="0" timestamp="2022-08-22T15:20:44 IST">
  <testcase classname="projecttrial.app1" name="aflipkartopen" time="4.657"/>
  <testcase classname="projecttrial.app1" name="bsearch" time="2.151"/>
  <testcase classname="projecttrial.app1" name="citemclick" time="8.152"/>
  <testcase classname="projecttrial.app1" name="dopenproduct" time="4.117"/>
  <testcase classname="projecttrial.app1" name="eopencart" time="4.741"/>
</testsuite> <!-- Default test -->
