<?xml version="1.0" encoding="UTF-8"?>
<testng-results ignored="0" total="1" passed="1" failed="0" skipped="0">
  <reporter-output>
  </reporter-output>
  <suite started-at="2022-08-11T11:13:32 IST" name="Default suite" finished-at="2022-08-11T11:13:40 IST" duration-ms="8042">
    <groups>
    </groups>
    <test started-at="2022-08-11T11:13:32 IST" name="Default test" finished-at="2022-08-11T11:13:40 IST" duration-ms="8042">
      <class name="testng.TestNGDemo1">
        <test-method signature="Navigation()[pri:0, instance:testng.TestNGDemo1@6ca8564a]" started-at="2022-08-11T11:13:32 IST" name="Navigation" finished-at="2022-08-11T11:13:40 IST" duration-ms="8001" status="PASS">
          <reporter-output>
          </reporter-output>
        </test-method> <!-- Navigation -->
      </class> <!-- testng.TestNGDemo1 -->
    </test> <!-- Default test -->
  </suite> <!-- Default suite -->
</testng-results>
