<?xml version="1.0" encoding="UTF-8"?>
<!-- Generated by org.testng.reporters.JUnitXMLReporter -->
<testsuite ignored="0" hostname="DESKTOP-2F680I6" failures="1" tests="5" name="Testcasefirefox" time="24.049" errors="0" timestamp="2022-08-25T10:33:35 IST">
  <testcase classname="testing.TestForFirefox" name="aflipkartopen" time="4.55"/>
  <testcase classname="testing.TestForFirefox" name="bsearch" time="2.117"/>
  <testcase classname="testing.TestForFirefox" name="citemclick" time="10.48"/>
  <testcase classname="testing.TestForFirefox" name="dproductopen" time="3.08"/>
  <testcase classname="testing.TestForFirefox" name="eaddtocart" time="0.131">
    <failure type="org.openqa.selenium.ElementClickInterceptedException" message="Element &amp;lt;span class=&amp;quot;UgLoKg&amp;quot;&amp;gt; is not clickable at point (724,16) because another element &amp;lt;div class=&amp;quot;_2Xfa2_&amp;quot;&amp;gt; obscures it
Build info: version: &amp;apos;4.3.0&amp;apos;, revision: &amp;apos;a4995e2c09*&amp;apos;
System info: host: &amp;apos;DESKTOP-2F680I6&amp;apos;, ip: &amp;apos;172.20.1.230&amp;apos;, os.name: &amp;apos;Windows 10&amp;apos;, os.arch: &amp;apos;amd64&amp;apos;, os.version: &amp;apos;10.0&amp;apos;, java.version: &amp;apos;18.0.2&amp;apos;
Driver info: org.openqa.selenium.firefox.FirefoxDriver
Command: [8847eee8-7d40-4e9e-b5f1-a69e5d635cb8, clickElement {id=7cacf00c-d674-4b74-8bb8-79820dff0d7c}]
Capabilities {acceptInsecureCerts: true, browserName: firefox, browserVersion: 104.0, moz:accessibilityChecks: false, moz:buildID: 20220818191623, moz:debuggerAddress: localhost:62508, moz:geckodriverVersion: 0.31.0, moz:headless: false, moz:platformVersion: 10.0, moz:processID: 26820, moz:profile: C:\Users\Admin\AppData\Loca..., moz:shutdownTimeout: 60000, moz:useNonSpecCompliantPointerOrigin: false, moz:webdriverClick: true, moz:windowless: false, pageLoadStrategy: normal, platformName: WINDOWS, proxy: Proxy(), se:cdp: ws://localhost:62508/devtoo..., se:cdpVersion: 85.0, setWindowRect: true, strictFileInteractability: false, timeouts: {implicit: 0, pageLoad: 300000, script: 30000}, unhandledPromptBehavior: dismiss and notify}
Element: [[FirefoxDriver: firefox on WINDOWS (8847eee8-7d40-4e9e-b5f1-a69e5d635cb8)] -&amp;gt; xpath: //span[@class=&amp;apos;UgLoKg&amp;apos;]]
Session ID: 8847eee8-7d40-4e9e-b5f1-a69e5d635cb8">
      <![CDATA[org.openqa.selenium.ElementClickInterceptedException: Element <span class="UgLoKg"> is not clickable at point (724,16) because another element <div class="_2Xfa2_"> obscures it
Build info: version: '4.3.0', revision: 'a4995e2c09*'
System info: host: 'DESKTOP-2F680I6', ip: '172.20.1.230', os.name: 'Windows 10', os.arch: 'amd64', os.version: '10.0', java.version: '18.0.2'
Driver info: org.openqa.selenium.firefox.FirefoxDriver
Command: [8847eee8-7d40-4e9e-b5f1-a69e5d635cb8, clickElement {id=7cacf00c-d674-4b74-8bb8-79820dff0d7c}]
Capabilities {acceptInsecureCerts: true, browserName: firefox, browserVersion: 104.0, moz:accessibilityChecks: false, moz:buildID: 20220818191623, moz:debuggerAddress: localhost:62508, moz:geckodriverVersion: 0.31.0, moz:headless: false, moz:platformVersion: 10.0, moz:processID: 26820, moz:profile: C:\Users\Admin\AppData\Loca..., moz:shutdownTimeout: 60000, moz:useNonSpecCompliantPointerOrigin: false, moz:webdriverClick: true, moz:windowless: false, pageLoadStrategy: normal, platformName: WINDOWS, proxy: Proxy(), se:cdp: ws://localhost:62508/devtoo..., se:cdpVersion: 85.0, setWindowRect: true, strictFileInteractability: false, timeouts: {implicit: 0, pageLoad: 300000, script: 30000}, unhandledPromptBehavior: dismiss and notify}
Element: [[FirefoxDriver: firefox on WINDOWS (8847eee8-7d40-4e9e-b5f1-a69e5d635cb8)] -> xpath: //span[@class='UgLoKg']]
Session ID: 8847eee8-7d40-4e9e-b5f1-a69e5d635cb8
at org.openqa.selenium.remote.codec.w3c.W3CHttpResponseCodec.createException(W3CHttpResponseCodec.java:200)
at org.openqa.selenium.remote.codec.w3c.W3CHttpResponseCodec.decode(W3CHttpResponseCodec.java:133)
at org.openqa.selenium.remote.codec.w3c.W3CHttpResponseCodec.decode(W3CHttpResponseCodec.java:53)
at org.openqa.selenium.remote.HttpCommandExecutor.execute(HttpCommandExecutor.java:184)
at org.openqa.selenium.remote.service.DriverCommandExecutor.invokeExecute(DriverCommandExecutor.java:167)
at org.openqa.selenium.remote.service.DriverCommandExecutor.execute(DriverCommandExecutor.java:142)
at org.openqa.selenium.remote.RemoteWebDriver.execute(RemoteWebDriver.java:569)
at org.openqa.selenium.remote.RemoteWebElement.execute(RemoteWebElement.java:257)
at org.openqa.selenium.remote.RemoteWebElement.click(RemoteWebElement.java:78)
at testing.TestForFirefox.eaddtocart(TestForFirefox.java:127)
at java.base/java.util.ArrayList.forEach(ArrayList.java:1511)
... Removed 28 stack frames]]>
    </failure>
  </testcase> <!-- eaddtocart -->
</testsuite> <!-- Testcasefirefox -->
