<?xml version="1.0" encoding="UTF-8"?>
<!-- Generated by org.testng.reporters.JUnitXMLReporter -->
<testsuite ignored="0" hostname="DESKTOP-2F680I6" failures="0" tests="5" name="Testcasechrome" time="36.906" errors="0" timestamp="2022-08-25T10:33:11 IST">
  <testcase classname="testing.TestForFirefox" name="aflipkartopen" time="5.153"/>
  <testcase classname="testing.TestForFirefox" name="bsearch" time="2.154"/>
  <testcase classname="testing.TestForFirefox" name="citemclick" time="10.368"/>
  <testcase classname="testing.TestForFirefox" name="dproductopen" time="3.118"/>
  <testcase classname="testing.TestForFirefox" name="eaddtocart" time="13.619"/>
</testsuite> <!-- Testcasechrome -->
