<?xml version="1.0" encoding="UTF-8"?>
<testng-results ignored="0" total="4" passed="4" failed="0" skipped="0">
  <reporter-output>
  </reporter-output>
  <suite started-at="2022-08-18T16:40:52 IST" name="Default suite" finished-at="2022-08-18T16:41:25 IST" duration-ms="32180">
    <groups>
    </groups>
    <test started-at="2022-08-18T16:40:52 IST" name="Default test" finished-at="2022-08-18T16:41:25 IST" duration-ms="32180">
      <class name="demo2.AssertAmazon">
        <test-method is-config="true" signature="setup()[pri:0, instance:demo2.AssertAmazon@479d31f3]" started-at="2022-08-18T16:40:52 IST" name="setup" finished-at="2022-08-18T16:40:55 IST" duration-ms="2577" status="PASS">
          <reporter-output>
          </reporter-output>
        </test-method> <!-- setup -->
        <test-method signature="amazonopne()[pri:1, instance:demo2.AssertAmazon@479d31f3]" started-at="2022-08-18T16:40:55 IST" name="amazonopne" finished-at="2022-08-18T16:41:01 IST" duration-ms="5519" status="PASS">
          <reporter-output>
          </reporter-output>
        </test-method> <!-- amazonopne -->
        <test-method signature="search()[pri:2, instance:demo2.AssertAmazon@479d31f3]" started-at="2022-08-18T16:41:01 IST" name="search" finished-at="2022-08-18T16:41:09 IST" duration-ms="8941" status="PASS">
          <reporter-output>
          </reporter-output>
        </test-method> <!-- search -->
        <test-method signature="searchbutton()[pri:3, instance:demo2.AssertAmazon@479d31f3]" started-at="2022-08-18T16:41:09 IST" name="searchbutton" finished-at="2022-08-18T16:41:18 IST" duration-ms="8489" status="PASS">
          <reporter-output>
          </reporter-output>
        </test-method> <!-- searchbutton -->
        <test-method signature="cart()[pri:4, instance:demo2.AssertAmazon@479d31f3]" started-at="2022-08-18T16:41:18 IST" name="cart" finished-at="2022-08-18T16:41:25 IST" duration-ms="6609" status="PASS">
          <reporter-output>
          </reporter-output>
        </test-method> <!-- cart -->
      </class> <!-- demo2.AssertAmazon -->
    </test> <!-- Default test -->
  </suite> <!-- Default suite -->
</testng-results>
