<?xml version="1.0" encoding="UTF-8"?>
<testng-results ignored="0" total="4" passed="4" failed="0" skipped="0">
  <reporter-output>
  </reporter-output>
  <suite started-at="2022-10-10T16:16:31 IST" name="Default suite" finished-at="2022-10-10T16:18:13 IST" duration-ms="101914">
    <groups>
    </groups>
    <test started-at="2022-10-10T16:16:31 IST" name="Default test" finished-at="2022-10-10T16:18:13 IST" duration-ms="101914">
      <class name="demo2.AssertAmazon">
        <test-method is-config="true" signature="setup()[pri:0, instance:demo2.AssertAmazon@1da2cb77]" started-at="2022-10-10T16:16:31 IST" name="setup" finished-at="2022-10-10T16:16:48 IST" duration-ms="17610" status="PASS">
          <reporter-output>
          </reporter-output>
        </test-method> <!-- setup -->
        <test-method signature="amazonopne()[pri:1, instance:demo2.AssertAmazon@1da2cb77]" started-at="2022-10-10T16:16:48 IST" name="amazonopne" finished-at="2022-10-10T16:17:12 IST" duration-ms="23445" status="PASS">
          <reporter-output>
          </reporter-output>
        </test-method> <!-- amazonopne -->
        <test-method signature="search()[pri:2, instance:demo2.AssertAmazon@1da2cb77]" started-at="2022-10-10T16:17:12 IST" name="search" finished-at="2022-10-10T16:17:23 IST" duration-ms="11323" status="PASS">
          <reporter-output>
          </reporter-output>
        </test-method> <!-- search -->
        <test-method signature="searchbutton()[pri:3, instance:demo2.AssertAmazon@1da2cb77]" started-at="2022-10-10T16:17:23 IST" name="searchbutton" finished-at="2022-10-10T16:17:32 IST" duration-ms="8480" status="PASS">
          <reporter-output>
          </reporter-output>
        </test-method> <!-- searchbutton -->
        <test-method signature="cart()[pri:4, instance:demo2.AssertAmazon@1da2cb77]" started-at="2022-10-10T16:17:32 IST" name="cart" finished-at="2022-10-10T16:18:13 IST" duration-ms="40998" status="PASS">
          <reporter-output>
          </reporter-output>
        </test-method> <!-- cart -->
      </class> <!-- demo2.AssertAmazon -->
    </test> <!-- Default test -->
  </suite> <!-- Default suite -->
</testng-results>
