<?xml version="1.0" encoding="UTF-8"?>
<testng-results ignored="0" total="10" passed="9" failed="1" skipped="0">
  <reporter-output>
  </reporter-output>
  <suite started-at="2022-08-25T10:32:34 IST" name="Suite" finished-at="2022-08-25T10:33:35 IST" duration-ms="60981">
    <groups>
    </groups>
    <test started-at="2022-08-25T10:32:34 IST" name="Testcasechrome" finished-at="2022-08-25T10:33:11 IST" duration-ms="36906">
      <class name="testing.TestForFirefox">
        <test-method is-config="true" signature="differtbrowser(java.lang.String)[pri:0, instance:testing.TestForFirefox@f5ac9e4]" started-at="2022-08-25T10:32:34 IST" name="differtbrowser" finished-at="2022-08-25T10:32:37 IST" duration-ms="2456" status="PASS">
          <params>
            <param index="0">
              <value>
                <![CDATA[chrome]]>
              </value>
            </param>
          </params>
          <reporter-output>
          </reporter-output>
        </test-method> <!-- differtbrowser -->
        <test-method signature="aflipkartopen()[pri:0, instance:testing.TestForFirefox@f5ac9e4]" started-at="2022-08-25T10:32:37 IST" name="aflipkartopen" finished-at="2022-08-25T10:32:42 IST" duration-ms="5153" status="PASS">
          <reporter-output>
          </reporter-output>
        </test-method> <!-- aflipkartopen -->
        <test-method signature="bsearch()[pri:0, instance:testing.TestForFirefox@f5ac9e4]" started-at="2022-08-25T10:32:42 IST" name="bsearch" finished-at="2022-08-25T10:32:44 IST" duration-ms="2154" status="PASS">
          <reporter-output>
          </reporter-output>
        </test-method> <!-- bsearch -->
        <test-method signature="citemclick()[pri:0, instance:testing.TestForFirefox@f5ac9e4]" started-at="2022-08-25T10:32:44 IST" name="citemclick" finished-at="2022-08-25T10:32:54 IST" duration-ms="10368" status="PASS">
          <reporter-output>
          </reporter-output>
        </test-method> <!-- citemclick -->
        <test-method signature="dproductopen()[pri:0, instance:testing.TestForFirefox@f5ac9e4]" started-at="2022-08-25T10:32:54 IST" name="dproductopen" finished-at="2022-08-25T10:32:58 IST" duration-ms="3118" status="PASS">
          <reporter-output>
          </reporter-output>
        </test-method> <!-- dproductopen -->
        <test-method signature="eaddtocart()[pri:0, instance:testing.TestForFirefox@f5ac9e4]" started-at="2022-08-25T10:32:58 IST" name="eaddtocart" finished-at="2022-08-25T10:33:11 IST" duration-ms="13619" status="PASS">
          <reporter-output>
          </reporter-output>
        </test-method> <!-- eaddtocart -->
      </class> <!-- testing.TestForFirefox -->
    </test> <!-- Testcasechrome -->
    <test started-at="2022-08-25T10:33:11 IST" name="Testcasefirefox" finished-at="2022-08-25T10:33:35 IST" duration-ms="24049">
      <class name="testing.TestForFirefox">
        <test-method is-config="true" signature="differtbrowser(java.lang.String)[pri:0, instance:testing.TestForFirefox@35cabb2a]" started-at="2022-08-25T10:33:11 IST" name="differtbrowser" finished-at="2022-08-25T10:33:15 IST" duration-ms="3658" status="PASS">
          <params>
            <param index="0">
              <value>
                <![CDATA[firefox]]>
              </value>
            </param>
          </params>
          <reporter-output>
          </reporter-output>
        </test-method> <!-- differtbrowser -->
        <test-method signature="aflipkartopen()[pri:0, instance:testing.TestForFirefox@35cabb2a]" started-at="2022-08-25T10:33:15 IST" name="aflipkartopen" finished-at="2022-08-25T10:33:19 IST" duration-ms="4550" status="PASS">
          <reporter-output>
          </reporter-output>
        </test-method> <!-- aflipkartopen -->
        <test-method signature="bsearch()[pri:0, instance:testing.TestForFirefox@35cabb2a]" started-at="2022-08-25T10:33:19 IST" name="bsearch" finished-at="2022-08-25T10:33:22 IST" duration-ms="2117" status="PASS">
          <reporter-output>
          </reporter-output>
        </test-method> <!-- bsearch -->
        <test-method signature="citemclick()[pri:0, instance:testing.TestForFirefox@35cabb2a]" started-at="2022-08-25T10:33:22 IST" name="citemclick" finished-at="2022-08-25T10:33:32 IST" duration-ms="10480" status="PASS">
          <reporter-output>
          </reporter-output>
        </test-method> <!-- citemclick -->
        <test-method signature="dproductopen()[pri:0, instance:testing.TestForFirefox@35cabb2a]" started-at="2022-08-25T10:33:32 IST" name="dproductopen" finished-at="2022-08-25T10:33:35 IST" duration-ms="3080" status="PASS">
          <reporter-output>
          </reporter-output>
        </test-method> <!-- dproductopen -->
        <test-method signature="eaddtocart()[pri:0, instance:testing.TestForFirefox@35cabb2a]" started-at="2022-08-25T10:33:35 IST" name="eaddtocart" finished-at="2022-08-25T10:33:35 IST" duration-ms="131" status="FAIL">
          <exception class="org.openqa.selenium.ElementClickInterceptedException">
            <message>
              <![CDATA[Element <span class="UgLoKg"> is not clickable at point (724,16) because another element <div class="_2Xfa2_"> obscures it
Build info: version: '4.3.0', revision: 'a4995e2c09*'
System info: host: 'DESKTOP-2F680I6', ip: '172.20.1.230', os.name: 'Windows 10', os.arch: 'amd64', os.version: '10.0', java.version: '18.0.2'
Driver info: org.openqa.selenium.firefox.FirefoxDriver
Command: [8847eee8-7d40-4e9e-b5f1-a69e5d635cb8, clickElement {id=7cacf00c-d674-4b74-8bb8-79820dff0d7c}]
Capabilities {acceptInsecureCerts: true, browserName: firefox, browserVersion: 104.0, moz:accessibilityChecks: false, moz:buildID: 20220818191623, moz:debuggerAddress: localhost:62508, moz:geckodriverVersion: 0.31.0, moz:headless: false, moz:platformVersion: 10.0, moz:processID: 26820, moz:profile: C:\Users\Admin\AppData\Loca..., moz:shutdownTimeout: 60000, moz:useNonSpecCompliantPointerOrigin: false, moz:webdriverClick: true, moz:windowless: false, pageLoadStrategy: normal, platformName: WINDOWS, proxy: Proxy(), se:cdp: ws://localhost:62508/devtoo..., se:cdpVersion: 85.0, setWindowRect: true, strictFileInteractability: false, timeouts: {implicit: 0, pageLoad: 300000, script: 30000}, unhandledPromptBehavior: dismiss and notify}
Element: [[FirefoxDriver: firefox on WINDOWS (8847eee8-7d40-4e9e-b5f1-a69e5d635cb8)] -> xpath: //span[@class='UgLoKg']]
Session ID: 8847eee8-7d40-4e9e-b5f1-a69e5d635cb8]]>
            </message>
            <full-stacktrace>
              <![CDATA[org.openqa.selenium.ElementClickInterceptedException: Element <span class="UgLoKg"> is not clickable at point (724,16) because another element <div class="_2Xfa2_"> obscures it
Build info: version: '4.3.0', revision: 'a4995e2c09*'
System info: host: 'DESKTOP-2F680I6', ip: '172.20.1.230', os.name: 'Windows 10', os.arch: 'amd64', os.version: '10.0', java.version: '18.0.2'
Driver info: org.openqa.selenium.firefox.FirefoxDriver
Command: [8847eee8-7d40-4e9e-b5f1-a69e5d635cb8, clickElement {id=7cacf00c-d674-4b74-8bb8-79820dff0d7c}]
Capabilities {acceptInsecureCerts: true, browserName: firefox, browserVersion: 104.0, moz:accessibilityChecks: false, moz:buildID: 20220818191623, moz:debuggerAddress: localhost:62508, moz:geckodriverVersion: 0.31.0, moz:headless: false, moz:platformVersion: 10.0, moz:processID: 26820, moz:profile: C:\Users\Admin\AppData\Loca..., moz:shutdownTimeout: 60000, moz:useNonSpecCompliantPointerOrigin: false, moz:webdriverClick: true, moz:windowless: false, pageLoadStrategy: normal, platformName: WINDOWS, proxy: Proxy(), se:cdp: ws://localhost:62508/devtoo..., se:cdpVersion: 85.0, setWindowRect: true, strictFileInteractability: false, timeouts: {implicit: 0, pageLoad: 300000, script: 30000}, unhandledPromptBehavior: dismiss and notify}
Element: [[FirefoxDriver: firefox on WINDOWS (8847eee8-7d40-4e9e-b5f1-a69e5d635cb8)] -> xpath: //span[@class='UgLoKg']]
Session ID: 8847eee8-7d40-4e9e-b5f1-a69e5d635cb8
at java.base/jdk.internal.reflect.DirectConstructorHandleAccessor.newInstance(DirectConstructorHandleAccessor.java:67)
at java.base/java.lang.reflect.Constructor.newInstanceWithCaller(Constructor.java:499)
at java.base/java.lang.reflect.Constructor.newInstance(Constructor.java:483)
at org.openqa.selenium.remote.codec.w3c.W3CHttpResponseCodec.createException(W3CHttpResponseCodec.java:200)
at org.openqa.selenium.remote.codec.w3c.W3CHttpResponseCodec.decode(W3CHttpResponseCodec.java:133)
at org.openqa.selenium.remote.codec.w3c.W3CHttpResponseCodec.decode(W3CHttpResponseCodec.java:53)
at org.openqa.selenium.remote.HttpCommandExecutor.execute(HttpCommandExecutor.java:184)
at org.openqa.selenium.remote.service.DriverCommandExecutor.invokeExecute(DriverCommandExecutor.java:167)
at org.openqa.selenium.remote.service.DriverCommandExecutor.execute(DriverCommandExecutor.java:142)
at org.openqa.selenium.remote.RemoteWebDriver.execute(RemoteWebDriver.java:569)
at org.openqa.selenium.remote.RemoteWebElement.execute(RemoteWebElement.java:257)
at org.openqa.selenium.remote.RemoteWebElement.click(RemoteWebElement.java:78)
at testing.TestForFirefox.eaddtocart(TestForFirefox.java:127)
at java.base/jdk.internal.reflect.DirectMethodHandleAccessor.invoke(DirectMethodHandleAccessor.java:104)
at java.base/java.lang.reflect.Method.invoke(Method.java:577)
at org.testng.internal.MethodInvocationHelper.invokeMethod(MethodInvocationHelper.java:133)
at org.testng.internal.TestInvoker.invokeMethod(TestInvoker.java:598)
at org.testng.internal.TestInvoker.invokeTestMethod(TestInvoker.java:173)
at org.testng.internal.MethodRunner.runInSequence(MethodRunner.java:46)
at org.testng.internal.TestInvoker$MethodInvocationAgent.invoke(TestInvoker.java:824)
at org.testng.internal.TestInvoker.invokeTestMethods(TestInvoker.java:146)
at org.testng.internal.TestMethodWorker.invokeTestMethods(TestMethodWorker.java:146)
at org.testng.internal.TestMethodWorker.run(TestMethodWorker.java:128)
at java.base/java.util.ArrayList.forEach(ArrayList.java:1511)
at org.testng.TestRunner.privateRun(TestRunner.java:794)
at org.testng.TestRunner.run(TestRunner.java:596)
at org.testng.SuiteRunner.runTest(SuiteRunner.java:377)
at org.testng.SuiteRunner.runSequentially(SuiteRunner.java:371)
at org.testng.SuiteRunner.privateRun(SuiteRunner.java:332)
at org.testng.SuiteRunner.run(SuiteRunner.java:276)
at org.testng.SuiteRunnerWorker.runSuite(SuiteRunnerWorker.java:53)
at org.testng.SuiteRunnerWorker.run(SuiteRunnerWorker.java:96)
at org.testng.TestNG.runSuitesSequentially(TestNG.java:1212)
at org.testng.TestNG.runSuitesLocally(TestNG.java:1134)
at org.testng.TestNG.runSuites(TestNG.java:1063)
at org.testng.TestNG.run(TestNG.java:1031)
at org.testng.remote.AbstractRemoteTestNG.run(AbstractRemoteTestNG.java:115)
at org.testng.remote.RemoteTestNG.initAndRun(RemoteTestNG.java:251)
at org.testng.remote.RemoteTestNG.main(RemoteTestNG.java:77)
]]>
            </full-stacktrace>
          </exception> <!-- org.openqa.selenium.ElementClickInterceptedException -->
          <reporter-output>
          </reporter-output>
        </test-method> <!-- eaddtocart -->
      </class> <!-- testing.TestForFirefox -->
    </test> <!-- Testcasefirefox -->
  </suite> <!-- Suite -->
</testng-results>
